0 silly argv {
0 silly argv   _: [ 'publish' ],
0 silly argv   composed: 'publish',
0 silly argv   lernaVersion: '6.5.1',
0 silly argv   '$0': '/Users/a.gladkov/Project/react-microsha/node_modules/.bin/lerna',
0 silly argv   bump: 'from-git'
0 silly argv }
1 notice cli v6.5.1
2 verbose rootPath /Users/a.gladkov/Project/react-microsha
3 error JSONError: Unexpected token "t" (0x74) in JSON at position 158 while parsing near "...pecified\\\"\"\n    },\n t   \"peerDependencie..." in packages/input/package.json
3 error
3 error [0m [90m  6 |[39m         [32m"test"[39m[33m:[39m [32m"echo \"no test specified\""[39m[0m
3 error [0m [90m  7 |[39m     }[33m,[39m[0m
3 error [0m[31m[1m>[22m[39m[90m  8 |[39m  t   [32m"peerDependencies"[39m[33m:[39m {[0m
3 error [0m [90m    |[39m  [31m[1m^[22m[39m[0m
3 error [0m [90m  9 |[39m         [32m"react"[39m[33m:[39m [32m"^18.2.0"[39m[0m
3 error [0m [90m 10 |[39m     }[33m,[39m[0m
3 error [0m [90m 11 |[39m     [32m"gitHead"[39m[33m:[39m [32m"290b9d2ed0bbff656668bc1985bf89a0c0e9cec0"[39m[0m
3 error
3 error     at parseJson (/Users/a.gladkov/Project/react-microsha/node_modules/parse-json/index.js:29:21)
3 error     at parse (/Users/a.gladkov/Project/react-microsha/node_modules/load-json-file/index.js:15:9)
3 error     at module.exports (/Users/a.gladkov/Project/react-microsha/node_modules/load-json-file/index.js:18:47)
